["```py\n# In this script, we are going to create a 4 functions: add_numbers, sub_numbers, mul_numbers, div_numbers. def add_numbers(x, y):\n return x + y def sub_numbers(x, y):\n return x - y def mul_numbers(x, y):\n return x * y def div_numbers(x, y):\n return (x / y)\n```", "```py\nimport arithmetic import unittest # Testing add_numbers function from arithmetic. class Test_addition(unittest.TestCase): # Testing Integers def test_add_numbers_int(self): sum = arithmetic.add_numbers(50, 50) self.assertEqual(sum, 100) # Testing Floats def test_add_numbers_float(self): sum = arithmetic.add_numbers(50.55, 78) self.assertEqual(sum, 128.55) # Testing Strings def test_add_numbers_strings(self): sum = arithmetic.add_numbers('hello','python') self.assertEqual(sum, 'hellopython')  if __name__ == '__main__': unittest.main()\n```", "```py\nstudent@ubuntu:~$ python3 test_addition.py ... ---------------------------------------------------------------------- Ran 3 tests in 0.000s\nOK\n```", "```py\nstudent@ubuntu:~$ python3 -m unittest test_addition.py ... ---------------------------------------------------------------------- Ran 3 tests in 0.000s\nOK\n```", "```py\ndef check_if():\n a = int(input(\"Enter a number \\n\")) if (a == 100): print(\"a is equal to 100\") else: print(\"a is not equal to 100\") return a\n```", "```py\nimport if_example import unittest  class Test_if(unittest.TestCase): def test_if(self): result = if_example.check_if() self.assertEqual(result, 100) if __name__ == '__main__':\n unittest.main()\n```", "```py\nstudent@ubuntu:~/Desktop$ python3 -m unittest test_if.py Enter a number 100 a is equal to 100 . ---------------------------------------------------------------------- Ran 1 test in 1.912s OK \n```", "```py\nstudent@ubuntu:~/Desktop$ python3 -m unittest test_if.py Enter a number 50 a is not equal to 100 F ====================================================================== FAIL: test_if (test_if.Test_if) ---------------------------------------------------------------------- Traceback (most recent call last):\n File \"/home/student/Desktop/test_if.py\", line 7, in test_if self.assertEqual(result, 100) AssertionError: 50 != 100\n---------------------------------------------------------------------- Ran 1 test in 1.521s\nFAILED (failures=1)\n```"]